<?xml version="1.0" encoding="UTF-8"?>
<!-- Generated by org.testng.reporters.JUnitReportReporter -->
<testsuite skipped="0" hostname="PRB-L460-UP4U" name="testScripts.TestTwitter" tests="1" failures="0" timestamp="19 Aug 2018 12:31:18 GMT" time="12.701" errors="0">
  <testcase name="testTwitter" time="12.701" classname="testScripts.TestTwitter"/>
</testsuite> <!-- testScripts.TestTwitter -->
