<?xml version="1.0" encoding="UTF-8"?>
<!-- Generated by org.testng.reporters.JUnitReportReporter -->
<testsuite skipped="0" hostname="PRB-L460-UP4U" name="testScripts.Test1" tests="1" failures="0" timestamp="25 Aug 2018 10:33:33 GMT" time="12.688" errors="0">
  <testcase name="testGoogle" time="12.688" classname="testScripts.Test1"/>
</testsuite> <!-- testScripts.Test1 -->
